
**stdout:**
b'  \xe2\x9c\x98 Runtime Error\n  \xe2\x9c\x98 0/38 cases passed (N/A)\n  \xe2\x9c\x98 Error: Line 45: TypeError: None is not valid value for the expected return type integer\n  \xe2\x9c\x98 Error: TypeError: None is not valid value for the expected return type integer\n    raise TypeError(str(result) + " is not valid value for the expected return type integer")\nLine 45 in __helper_select_method__ (Solution.py)\n    ret.append(__DriverSolution__().__helper_select_method__(method, params[index], obj))\nLine 78 in _driver (Solution.py)\n    _driver()\nLine 87 in <module> (Solution.py)\nDuring handling of the above exception, another exception occurred:\nTypeError: \'<\' not supported between instances of \'int\' and \'NoneType\'\nLine 14 in _serialize_int (./python3/__serializer__.py)\nLine 63 in _serialize (./python3/__serializer__.py)\n    return __Serializer__()._serialize(result, "integer");\nLine 43 in __helper_select_method__ (Solution.py)\n  \xe2\x9c\x98 Testcase: ["FreqStack","push","push","push","push","push","push","pop","pop","pop","pop"]\n\' +\n  \'[[],[5],[7],[5],[7],[4],[5],[],[],[],[]]\n  \xe2\x9c\x98 Answer: \n  \xe2\x9c\x98 Expected Answer: [null,null,null,null,null,null,null,5,7,5,4]\n  \xe2\x9c\x98 Stdout: \n'
**stderr:**
b"- Sending code to judge\n(node:76910) Warning: Accessing non-existent property 'padLevels' of module exports inside circular dependency\n(Use `node --trace-warnings ...` to show where the warning was created)\n- Waiting for judge result\n- Waiting for judge result\n- Waiting for judge result\n- Waiting for judge result\n- Waiting for judge result\n- Waiting for judge result\n- Waiting for judge result\n- Waiting for judge result\n- Waiting for judge result\n- Waiting for judge result\n- Waiting for judge result\n- Waiting for judge result\n- Waiting for judge result\n"